\BOOKMARK [0][-]{section*.2}{\376\377\000\315\000n\000d\000i\000c\000e\000\040\000d\000e\000\040\000f\000i\000g\000u\000r\000a\000s}{}% 1
\BOOKMARK [0][-]{section*.3}{\376\377\000\315\000n\000d\000i\000c\000e\000\040\000d\000e\000\040\000D\000i\000a\000g\000r\000a\000m\000a\000s}{}% 2
\BOOKMARK [0][-]{chapter.1}{\376\377\000U\000n\000\040\000p\000o\000c\000o\000\040\000d\000e\000\040\000m\000e\000m\000o\000i\000r}{}% 3
\BOOKMARK [1][-]{section.1.1}{\376\377\000L\000o\000\040\000b\000\341\000s\000i\000c\000o}{chapter.1}% 4
\BOOKMARK [1][-]{section.1.2}{\376\377\000U\000n\000\040\000p\000o\000c\000o\000\040\000m\000\341\000s}{chapter.1}% 5
\BOOKMARK [1][-]{section.1.3}{\376\377\000M\000e\000\040\000f\000a\000l\000t\000a\000\040\000d\000e\000s\000a\000r\000r\000o\000l\000l\000a\000r\000\040\000m\000e\000j\000o\000r}{chapter.1}% 6
\BOOKMARK [0][-]{chapter.2}{\376\377\000F\000u\000e\000n\000t\000e\000s}{}% 7
\BOOKMARK [0][-]{chapter.3}{\376\377\000P\000a\000q\000u\000e\000t\000e\000s\000\040\000e\000n\000\040\000l\000a\000\040\000c\000l\000a\000s\000e}{}% 8
\BOOKMARK [1][-]{section.3.1}{\376\377\000a\000m\000s\000m\000a\000t\000h\000\040\000y\000\040\000m\000a\000t\000h\000t\000o\000o\000l\000s}{chapter.3}% 9
\BOOKMARK [1][-]{section.3.2}{\376\377\000a\000m\000s\000t\000h\000m}{chapter.3}% 10
\BOOKMARK [1][-]{section.3.3}{\376\377\000b\000a\000b\000e\000l\000\040\000y\000\040\000p\000o\000l\000y\000g\000o\000s\000s\000i\000a}{chapter.3}% 11
\BOOKMARK [1][-]{section.3.4}{\376\377\000m\000i\000c\000r\000o\000t\000y\000p\000e}{chapter.3}% 12
\BOOKMARK [1][-]{section.3.5}{\376\377\000s\000i\000u\000n\000i\000t\000x}{chapter.3}% 13
\BOOKMARK [1][-]{section.3.6}{\376\377\000c\000s\000q\000u\000o\000t\000e\000s}{chapter.3}% 14
\BOOKMARK [1][-]{section.3.7}{\376\377\000b\000i\000b\000l\000a\000t\000e\000x}{chapter.3}% 15
\BOOKMARK [1][-]{section*.5}{\376\377\000L\000a\000w\000v\000e\000r\000e}{chapter.3}% 16
\BOOKMARK [1][-]{section*.7}{\376\377\000L\000i\000b\000r\000o\000s}{chapter.3}% 17
\BOOKMARK [0][-]{chapter.4}{\376\377\000T\000i\000k\000z}{}% 18
\BOOKMARK [1][-]{section.4.1}{\376\377\000N\000o\000d\000o\000s\000\040\000y\000\040\000l\000\355\000n\000e\000a\000s}{chapter.4}% 19
\BOOKMARK [1][-]{section.4.2}{\376\377\000D\000i\000a\000g\000r\000a\000m\000a\000s\000\040\000c\000o\000n\000m\000u\000t\000a\000t\000i\000v\000o\000s}{chapter.4}% 20
\BOOKMARK [1][-]{section.4.3}{\376\377\000V\000i\000s\000u\000a\000l\000i\000z\000a\000c\000i\000\363\000n\000\040\000d\000e\000\040\000d\000a\000t\000o\000s}{chapter.4}% 21
\BOOKMARK [1][-]{section.4.4}{\376\377\000P\000o\000r\000\040\000d\000i\000v\000e\000r\000s\000i\000\363\000n\000,\000\040\000F\000r\000a\000c\000t\000a\000l\000e\000s}{chapter.4}% 22
\BOOKMARK [0][-]{chapter.5}{\376\377\000C\000o\000m\000p\000i\000l\000a\000c\000i\000\363\000n\000\040\000y\000\040\000a\000r\000a\000r\000a}{}% 23
\BOOKMARK [0][-]{section*.9}{\376\377\000B\000i\000b\000l\000i\000o\000g\000r\000a\000f\000\355\000a}{}% 24
\BOOKMARK [0][-]{section*.10}{\376\377\000\315\000n\000d\000i\000c\000e\000\040\000a\000l\000f\000a\000b\000\351\000t\000i\000c\000o}{}% 25
\BOOKMARK [0][-]{section*.12}{\376\377\000A\000c\000r\000\363\000n\000i\000m\000o\000s}{}% 26
\BOOKMARK [0][-]{section*.14}{\376\377\000L\000i\000s\000t\000a\000\040\000d\000e\000\040\000s\000\355\000m\000b\000o\000l\000o\000s}{}% 27
